1	15:50:29	File loaded from D:\Academic\Codes\Python\MRR\Qualisys_OpenSim\Data\001_test\2022-09-01_shoe\Static 1.qtm	
1	15:50:55	File saved as D:\Academic\Codes\Python\MRR\Qualisys_OpenSim\Data\001_test\2022-09-01_shoe\Static 1.qtm	
1	15:51:57	File saved as D:\Academic\Codes\Python\MRR\Qualisys_OpenSim\Data\001_test\2022-09-01_shoe\Static 1.qtm	
1	15:52:05	File closed	
1	15:52:07	File loaded from D:\Academic\Codes\Python\MRR\Qualisys_OpenSim\Data\001_test\2022-09-01_shoe\Gait 1.qtm	
1	15:52:08	File closed	
1	15:52:09	File loaded from D:\Academic\Codes\Python\MRR\Qualisys_OpenSim\Data\001_test\2022-09-01_shoe\Static 1.qtm	
1	15:52:19	File closed	
1	15:52:41	File loaded from D:\Academic\Codes\Python\MRR\Qualisys_OpenSim\Data\001_test\2022-09-01_shoe\Static 1.qtm	
1	15:53:05	File closed	
1	15:56:47	File loaded from D:\Academic\Codes\Python\MRR\Qualisys_OpenSim\Data\001_test\2022-09-01_shoe\Static 1.qtm	
1	15:57:53	File saved as D:\Academic\Codes\Python\MRR\Qualisys_OpenSim\Data\001_test\2022-09-01_shoe\Static 1.qtm	
1	16:05:49	File closed	
1	16:06:05	Batch processing of 3 files started	
1	16:06:05	File loaded from D:\Academic\Codes\Python\MRR\Qualisys_OpenSim\Data\001_test\2022-09-01_shoe\Gait 1.qtm	
1	16:06:05	File loaded from D:\Academic\Codes\Python\MRR\Qualisys_OpenSim\Data\001_test\2022-09-01_shoe\Gait 2.qtm	
1	16:06:05	File loaded from D:\Academic\Codes\Python\MRR\Qualisys_OpenSim\Data\001_test\2022-09-01_shoe\Static 1.qtm	
1	16:06:05	Finished batch processing 3 files	
1	16:06:41	Batch processing of 3 files started	
1	16:06:41	File loaded from D:\Academic\Codes\Python\MRR\Qualisys_OpenSim\Data\001_test\2022-09-01_shoe\Gait 1.qtm	
1	16:06:42	File loaded from D:\Academic\Codes\Python\MRR\Qualisys_OpenSim\Data\001_test\2022-09-01_shoe\Gait 2.qtm	
1	16:06:42	File loaded from D:\Academic\Codes\Python\MRR\Qualisys_OpenSim\Data\001_test\2022-09-01_shoe\Static 1.qtm	
1	16:06:42	Finished batch processing 3 files	
1	16:07:31	Batch processing of 3 files started	
1	16:07:31	File loaded from D:\Academic\Codes\Python\MRR\Qualisys_OpenSim\Data\001_test\2022-09-01_shoe\Gait 1.qtm	
1	16:07:31	File loaded from D:\Academic\Codes\Python\MRR\Qualisys_OpenSim\Data\001_test\2022-09-01_shoe\Gait 2.qtm	
1	16:07:32	File loaded from D:\Academic\Codes\Python\MRR\Qualisys_OpenSim\Data\001_test\2022-09-01_shoe\Static 1.qtm	
1	16:07:32	Finished batch processing 3 files	
1	16:07:55	File loaded from C:\Users\mrr\Desktop\Static 1.qtm	
1	16:08:02	File closed	
1	16:08:37	File loaded from C:\Users\mrr\Desktop\Static 1.qtm	
1	16:08:38	File saved as D:\Academic\Codes\Python\MRR\Qualisys_OpenSim\Data\001_test\2022-09-01_shoe\Static 1.qtm	
1	16:08:38	File closed	
1	16:08:39	Batch processing of 3 files started	
1	16:08:39	File loaded from D:\Academic\Codes\Python\MRR\Qualisys_OpenSim\Data\001_test\2022-09-01_shoe\Gait 1.qtm	
1	16:08:39	File loaded from D:\Academic\Codes\Python\MRR\Qualisys_OpenSim\Data\001_test\2022-09-01_shoe\Gait 2.qtm	
1	16:08:40	File loaded from D:\Academic\Codes\Python\MRR\Qualisys_OpenSim\Data\001_test\2022-09-01_shoe\Static 1.qtm	
1	16:08:40	Finished batch processing 3 files	
1	16:19:37	Batch processing of 3 files started	
1	16:19:37	File loaded from D:\Academic\Codes\Python\MRR\Qualisys_OpenSim\Data\001_test\2022-09-01_shoe\Gait 1.qtm	
1	16:19:38	File loaded from D:\Academic\Codes\Python\MRR\Qualisys_OpenSim\Data\001_test\2022-09-01_shoe\Gait 2.qtm	
1	16:19:38	File loaded from D:\Academic\Codes\Python\MRR\Qualisys_OpenSim\Data\001_test\2022-09-01_shoe\Static 1.qtm	
1	16:19:39	Finished batch processing 3 files	
1	16:53:05	File loaded from C:\Users\mrr\Desktop\test\s1_boot_static;xzy.qtm	
1	16:53:06	File saved as D:\Academic\Codes\Python\MRR\Qualisys_OpenSim\Data\001_test\2022-09-02_shoe\Static 1.qtm	
1	16:53:06	File closed	
1	16:53:11	File loaded from C:\Users\mrr\Desktop\test\s1_boot_run_120006;yzx;r1.qtm	
1	16:53:12	File saved as D:\Academic\Codes\Python\MRR\Qualisys_OpenSim\Data\001_test\2022-09-02_shoe\Gait 1.qtm	
1	16:53:12	File closed	
1	16:53:17	File loaded from C:\Users\mrr\Desktop\test\s1_boot_run_120005;yzx;r1.qtm	
1	16:53:17	File saved as D:\Academic\Codes\Python\MRR\Qualisys_OpenSim\Data\001_test\2022-09-02_shoe\Gait 2.qtm	
1	16:53:17	File closed	
1	16:53:24	Batch processing of 3 files started	
1	16:53:24	File loaded from D:\Academic\Codes\Python\MRR\Qualisys_OpenSim\Data\001_test\2022-09-02_shoe\Gait 1.qtm	
1	16:53:24	File loaded from D:\Academic\Codes\Python\MRR\Qualisys_OpenSim\Data\001_test\2022-09-02_shoe\Gait 2.qtm	
1	16:53:24	File loaded from D:\Academic\Codes\Python\MRR\Qualisys_OpenSim\Data\001_test\2022-09-02_shoe\Static 1.qtm	
1	16:53:24	Finished batch processing 3 files	
